Using pre-set license
Built from '2022.3/staging' branch; Version is '2022.3.59f1 (630718f645a5) revision 6489880'; Using compiler version '192829333'; Build Type 'Release'
OS: 'Windows 11  (10.0.26100) 64bit Professional' Language: 'en' Physical Memory: 32482 MB
BatchMode: 1, IsHumanControllingUs: 0, StartBugReporterOnCrash: 0, Is64bit: 1, IsPro: 1

COMMAND LINE ARGUMENTS:
C:\Program Files\Unity\Hub\Editor\2022.3.59f1\Editor\Unity.exe
-adb2
-batchMode
-noUpm
-name
AssetImportWorker25
-projectPath
C:/Users/Li014/finalprojectrepo/FinalProject_HL
-logFile
Logs/AssetImportWorker25.log
-srvPort
51871
Successfully changed project path to: C:/Users/Li014/finalprojectrepo/FinalProject_HL
C:/Users/Li014/finalprojectrepo/FinalProject_HL
[UnityMemory] Configuration Parameters - Can be set up in boot.config
    "memorysetup-bucket-allocator-granularity=16"
    "memorysetup-bucket-allocator-bucket-count=8"
    "memorysetup-bucket-allocator-block-size=33554432"
    "memorysetup-bucket-allocator-block-count=8"
    "memorysetup-main-allocator-block-size=16777216"
    "memorysetup-thread-allocator-block-size=16777216"
    "memorysetup-gfx-main-allocator-block-size=16777216"
    "memorysetup-gfx-thread-allocator-block-size=16777216"
    "memorysetup-cache-allocator-block-size=4194304"
    "memorysetup-typetree-allocator-block-size=2097152"
    "memorysetup-profiler-bucket-allocator-granularity=16"
    "memorysetup-profiler-bucket-allocator-bucket-count=8"
    "memorysetup-profiler-bucket-allocator-block-size=33554432"
    "memorysetup-profiler-bucket-allocator-block-count=8"
    "memorysetup-profiler-allocator-block-size=16777216"
    "memorysetup-profiler-editor-allocator-block-size=1048576"
    "memorysetup-temp-allocator-size-main=16777216"
    "memorysetup-job-temp-allocator-block-size=2097152"
    "memorysetup-job-temp-allocator-block-size-background=1048576"
    "memorysetup-job-temp-allocator-reduction-small-platforms=262144"
    "memorysetup-allocator-temp-initial-block-size-main=262144"
    "memorysetup-allocator-temp-initial-block-size-worker=262144"
    "memorysetup-temp-allocator-size-background-worker=32768"
    "memorysetup-temp-allocator-size-job-worker=262144"
    "memorysetup-temp-allocator-size-preload-manager=33554432"
    "memorysetup-temp-allocator-size-nav-mesh-worker=65536"
    "memorysetup-temp-allocator-size-audio-worker=65536"
    "memorysetup-temp-allocator-size-cloud-worker=32768"
    "memorysetup-temp-allocator-size-gi-baking-worker=262144"
    "memorysetup-temp-allocator-size-gfx=262144"
Player connection [32188]  Target information:

Player connection [32188]  * "[IP] 172.23.17.45 [Port] 0 [Flags] 2 [Guid] 814460538 [EditorId] 814460538 [Version] 1048832 [Id] WindowsEditor(7,916-dsg-147-18a) [Debug] 1 [PackageName] WindowsEditor [ProjectName] Editor" 

Player connection [32188] Host joined multi-casting on [225.0.0.222:54997]...
Player connection [32188] Host joined alternative multi-casting on [225.0.0.222:34997]...
Input System module state changed to: Initialized.
[PhysX] Initialized MultithreadedTaskDispatcher with 20 workers.
Refreshing native plugins compatible for Editor in 7.95 ms, found 3 plugins.
Preloading 0 native plugins for Editor in 0.00 ms.
Initialize engine version: 2022.3.59f1 (630718f645a5)
[Subsystems] Discovering subsystems at path C:/Program Files/Unity/Hub/Editor/2022.3.59f1/Editor/Data/Resources/UnitySubsystems
[Subsystems] Discovering subsystems at path C:/Users/Li014/finalprojectrepo/FinalProject_HL/Assets
GfxDevice: creating device client; threaded=0; jobified=0
Direct3D:
    Version:  Direct3D 11.0 [level 11.1]
    Renderer: NVIDIA GeForce RTX 3060 (ID=0x2504)
    Vendor:   NVIDIA
    VRAM:     12115 MB
    Driver:   32.0.15.5599
Initialize mono
Mono path[0] = 'C:/Program Files/Unity/Hub/Editor/2022.3.59f1/Editor/Data/Managed'
Mono path[1] = 'C:/Program Files/Unity/Hub/Editor/2022.3.59f1/Editor/Data/MonoBleedingEdge/lib/mono/unityjit-win32'
Mono config path = 'C:/Program Files/Unity/Hub/Editor/2022.3.59f1/Editor/Data/MonoBleedingEdge/etc'
Using monoOptions --debugger-agent=transport=dt_socket,embedding=1,server=y,suspend=n,address=127.0.0.1:56508
Begin MonoManager ReloadAssembly
Registering precompiled unity dll's ...
Register platform support module: C:/Program Files/Unity/Hub/Editor/2022.3.59f1/Editor/Data/PlaybackEngines/WindowsStandaloneSupport/UnityEditor.WindowsStandalone.Extensions.dll
Registered in 0.004026 seconds.
- Loaded All Assemblies, in  0.249 seconds
Native extension for WindowsStandalone target not found
Mono: successfully reloaded assembly
- Finished resetting the current domain, in  0.195 seconds
Domain Reload Profiling: 444ms
	BeginReloadAssembly (82ms)
		ExecutionOrderSort (0ms)
		DisableScriptedObjects (0ms)
		BackupInstance (0ms)
		ReleaseScriptingObjects (0ms)
		CreateAndSetChildDomain (1ms)
	RebuildCommonClasses (26ms)
	RebuildNativeTypeToScriptingClass (11ms)
	initialDomainReloadingComplete (41ms)
	LoadAllAssembliesAndSetupDomain (88ms)
		LoadAssemblies (81ms)
		RebuildTransferFunctionScriptingTraits (0ms)
		AnalyzeDomain (86ms)
			TypeCache.Refresh (85ms)
				TypeCache.ScanAssembly (76ms)
			ScanForSourceGeneratedMonoScriptInfo (0ms)
			ResolveRequiredComponents (0ms)
	FinalizeReload (196ms)
		ReleaseScriptCaches (0ms)
		RebuildScriptCaches (0ms)
		SetupLoadedEditorAssemblies (163ms)
			LogAssemblyErrors (0ms)
			InitializePlatformSupportModulesInManaged (8ms)
			SetLoadedEditorAssemblies (6ms)
			RefreshPlugins (0ms)
			BeforeProcessingInitializeOnLoad (1ms)
			ProcessInitializeOnLoadAttributes (113ms)
			ProcessInitializeOnLoadMethodAttributes (35ms)
			AfterProcessingInitializeOnLoad (0ms)
			EditorAssembliesLoaded (0ms)
		ExecutionOrderSort2 (0ms)
		AwakeInstancesAfterBackupRestoration (0ms)
========================================================================
Worker process is ready to serve import requests
Caller must complete domain reload
Begin MonoManager ReloadAssembly
- Loaded All Assemblies, in  0.483 seconds
Native extension for WindowsStandalone target not found
Mono: successfully reloaded assembly
- Finished resetting the current domain, in  0.460 seconds
Domain Reload Profiling: 942ms
	BeginReloadAssembly (111ms)
		ExecutionOrderSort (0ms)
		DisableScriptedObjects (4ms)
		BackupInstance (0ms)
		ReleaseScriptingObjects (0ms)
		CreateAndSetChildDomain (16ms)
	RebuildCommonClasses (24ms)
	RebuildNativeTypeToScriptingClass (7ms)
	initialDomainReloadingComplete (34ms)
	LoadAllAssembliesAndSetupDomain (307ms)
		LoadAssemblies (240ms)
		RebuildTransferFunctionScriptingTraits (0ms)
		AnalyzeDomain (132ms)
			TypeCache.Refresh (107ms)
				TypeCache.ScanAssembly (96ms)
			ScanForSourceGeneratedMonoScriptInfo (16ms)
			ResolveRequiredComponents (8ms)
	FinalizeReload (461ms)
		ReleaseScriptCaches (0ms)
		RebuildScriptCaches (0ms)
		SetupLoadedEditorAssemblies (360ms)
			LogAssemblyErrors (0ms)
			InitializePlatformSupportModulesInManaged (5ms)
			SetLoadedEditorAssemblies (3ms)
			RefreshPlugins (0ms)
			BeforeProcessingInitializeOnLoad (56ms)
			ProcessInitializeOnLoadAttributes (241ms)
			ProcessInitializeOnLoadMethodAttributes (53ms)
			AfterProcessingInitializeOnLoad (4ms)
			EditorAssembliesLoaded (0ms)
		ExecutionOrderSort2 (0ms)
		AwakeInstancesAfterBackupRestoration (6ms)
Launched and connected shader compiler UnityShaderCompiler.exe after 0.05 seconds
Refreshing native plugins compatible for Editor in 6.60 ms, found 3 plugins.
Preloading 0 native plugins for Editor in 0.00 ms.
Unloading 4885 Unused Serialized files (Serialized files now loaded: 0)
Unloading 24 unused Assets / (347.8 KB). Loaded Objects now: 5351.
Memory consumption went from 197.5 MB to 197.1 MB.
Total: 2.980900 ms (FindLiveObjects: 0.222400 ms CreateObjectMapping: 0.114500 ms MarkObjects: 2.520300 ms  DeleteObjects: 0.122700 ms)

AssetImportParameters requested are different than current active one (requested -> active):
  custom:container-demuxer-ogg: 62fdf1f143b41e24485cea50d1cbac27 -> 
  custom:video-codec-MediaFoundation-h265: 746d11721c4dcdbdad8f713fa42b33f4 -> 
  custom:video-decoder-ogg-theora: a1e56fd34408186e4bbccfd4996cb3dc -> 
  custom:framework-win-MediaFoundation: 216162199b28c13a410421893ffa2e32 -> 
  custom:CustomObjectIndexerAttribute: 72b91833f83ae208fae7752999fa3104 -> 
  custom:container-demuxer-webm: 4f35f7cbe854078d1ac9338744f61a02 -> 
  custom:container-muxer-webm: aa71ff27fc2769a1b78a27578f13a17b -> 
  custom:video-decoder-webm-vp8: 9c59270c3fd7afecdb556c50c9e8de78 -> 
  custom:SearchIndexIgnoredProperties: e643bd26f0fe6173181afceb89e7c659 -> 
  custom:AudioImporter_EditorPlatform: d09bf68614088b80899f8185d706f6e7 -> 
  custom:video-encoder-webm-vp8: eb34c28f22e8b96e1ab97ce403110664 -> 
  custom:audio-decoder-ogg-vorbis: bf7c407c2cedff20999df2af8eb42d56 -> 
  custom:audio-encoder-webm-vorbis: bf7c407c2cedff20999df2af8eb42d56 -> 
========================================================================
Received Import Request.
  Time since last request: 8599.373848 seconds.
  path: Assets/Holy Assets Games/3D The Blacksmith's House/Textures/Smithy_Emissive_2K.tif
  artifactKey: Guid(eee8f75eb95ddcf438978fe52fae8b5b) Importer(815301076,1909f56bfc062723c751e8b465ee728b)
Start importing Assets/Holy Assets Games/3D The Blacksmith's House/Textures/Smithy_Emissive_2K.tif using Guid(eee8f75eb95ddcf438978fe52fae8b5b) Importer(815301076,1909f56bfc062723c751e8b465ee728b) [PhysX] Initialized MultithreadedTaskDispatcher with 20 workers.
[PhysX] Initialized MultithreadedTaskDispatcher with 20 workers.
 -> (artifact id: 'd394c63fcdd17d43fe6b4b734e6593aa') in 0.048166 seconds
Number of updated asset objects reloaded before import = 0
Number of asset objects unloaded after import = 2
========================================================================
Received Import Request.
  Time since last request: 9.742678 seconds.
  path: Assets/Holy Assets Games/3D The Blacksmith's House/Material/Smithy_Material_2K.mat
  artifactKey: Guid(393172b9ecb4f644296ad3e28a60112b) Importer(2089858483,0ecaa5967403d082aa24f35e1b516d23)
Start importing Assets/Holy Assets Games/3D The Blacksmith's House/Material/Smithy_Material_2K.mat using Guid(393172b9ecb4f644296ad3e28a60112b) Importer(2089858483,0ecaa5967403d082aa24f35e1b516d23) [PhysX] Initialized MultithreadedTaskDispatcher with 20 workers.
 -> (artifact id: '3264d4d397b804fa586954353917fa34') in 0.131836 seconds
Number of updated asset objects reloaded before import = 0
Number of asset objects unloaded after import = 6
========================================================================
Received Import Request.
  Time since last request: 311.597885 seconds.
  path: Assets/Cursed Priest/Textures/Priest_Body_Normal.png
  artifactKey: Guid(42f6bd27b28bcf34a98b06bd259abe23) Importer(2089858483,0ecaa5967403d082aa24f35e1b516d23)
Start importing Assets/Cursed Priest/Textures/Priest_Body_Normal.png using Guid(42f6bd27b28bcf34a98b06bd259abe23) Importer(2089858483,0ecaa5967403d082aa24f35e1b516d23) [PhysX] Initialized MultithreadedTaskDispatcher with 20 workers.
 -> (artifact id: '4a9bbda03c58ad874c9c78e97fff5bcf') in 0.063545 seconds
Number of updated asset objects reloaded before import = 0
Number of asset objects unloaded after import = 1
========================================================================
Received Import Request.
  Time since last request: 0.000028 seconds.
  path: Assets/Cursed Priest/Mesh/Priest.fbx
  artifactKey: Guid(410bf1fe2c38e9343928c7a73adca007) Importer(2089858483,0ecaa5967403d082aa24f35e1b516d23)
Start importing Assets/Cursed Priest/Mesh/Priest.fbx using Guid(410bf1fe2c38e9343928c7a73adca007) Importer(2089858483,0ecaa5967403d082aa24f35e1b516d23) [PhysX] Initialized MultithreadedTaskDispatcher with 20 workers.
 -> (artifact id: 'fd87b7255fe89f1010d51a753ffbf2c7') in 0.052215 seconds
Number of updated asset objects reloaded before import = 0
Number of asset objects unloaded after import = 156
========================================================================
Received Import Request.
  Time since last request: 0.000019 seconds.
  path: Assets/Cursed Priest/Textures/Upper_AO.png
  artifactKey: Guid(6d4df505aba2f7547bb08d360598159d) Importer(2089858483,0ecaa5967403d082aa24f35e1b516d23)
Start importing Assets/Cursed Priest/Textures/Upper_AO.png using Guid(6d4df505aba2f7547bb08d360598159d) Importer(2089858483,0ecaa5967403d082aa24f35e1b516d23) [PhysX] Initialized MultithreadedTaskDispatcher with 20 workers.
 -> (artifact id: '7d9af598005b939c9d7cae4bd1a06985') in 0.014503 seconds
Number of updated asset objects reloaded before import = 0
Number of asset objects unloaded after import = 1
========================================================================
Received Import Request.
  Time since last request: 0.000026 seconds.
  path: Assets/Cursed Priest/Materials/Head.mat
  artifactKey: Guid(fbb397dd4c5300b47a833c25a38f2a63) Importer(2089858483,0ecaa5967403d082aa24f35e1b516d23)
Start importing Assets/Cursed Priest/Materials/Head.mat using Guid(fbb397dd4c5300b47a833c25a38f2a63) Importer(2089858483,0ecaa5967403d082aa24f35e1b516d23) [PhysX] Initialized MultithreadedTaskDispatcher with 20 workers.
 -> (artifact id: '422172dbb7c5aae40a73ddfd17409335') in 0.016273 seconds
Number of updated asset objects reloaded before import = 0
Number of asset objects unloaded after import = 5
========================================================================
Received Import Request.
  Time since last request: 0.000017 seconds.
  path: Assets/Cursed Priest/Textures/Priest_Accesories_AlbedoTransparency.png
  artifactKey: Guid(d3d6f86c1714a5243bb436376ec0d899) Importer(2089858483,0ecaa5967403d082aa24f35e1b516d23)
Start importing Assets/Cursed Priest/Textures/Priest_Accesories_AlbedoTransparency.png using Guid(d3d6f86c1714a5243bb436376ec0d899) Importer(2089858483,0ecaa5967403d082aa24f35e1b516d23) [PhysX] Initialized MultithreadedTaskDispatcher with 20 workers.
 -> (artifact id: 'baa5fe2ef473ef56ce2852764fbf9e8b') in 0.011229 seconds
Number of updated asset objects reloaded before import = 0
Number of asset objects unloaded after import = 1
========================================================================
Received Import Request.
  Time since last request: 0.000052 seconds.
  path: Assets/Cursed Priest/Demo/Scene.unity
  artifactKey: Guid(9fc0d4010bbf28b4594072e72b8655ab) Importer(2089858483,0ecaa5967403d082aa24f35e1b516d23)
Start importing Assets/Cursed Priest/Demo/Scene.unity using Guid(9fc0d4010bbf28b4594072e72b8655ab) Importer(2089858483,0ecaa5967403d082aa24f35e1b516d23) [PhysX] Initialized MultithreadedTaskDispatcher with 20 workers.
 -> (artifact id: 'b3a7c7907ec36f5959e030ccae356283') in 0.003395 seconds
Number of updated asset objects reloaded before import = 0
Number of asset objects unloaded after import = 1
========================================================================
Received Import Request.
  Time since last request: 0.000042 seconds.
  path: Assets/Cursed Priest/Materials/Accesories.mat
  artifactKey: Guid(e0cc07d9f3f56ea42a03afaf75eb832d) Importer(2089858483,0ecaa5967403d082aa24f35e1b516d23)
Start importing Assets/Cursed Priest/Materials/Accesories.mat using Guid(e0cc07d9f3f56ea42a03afaf75eb832d) Importer(2089858483,0ecaa5967403d082aa24f35e1b516d23) [PhysX] Initialized MultithreadedTaskDispatcher with 20 workers.
 -> (artifact id: 'ac8417882ddae7b8e50e07af40abe0cf') in 0.011956 seconds
Number of updated asset objects reloaded before import = 0
Number of asset objects unloaded after import = 5
========================================================================
Received Import Request.
  Time since last request: 0.000017 seconds.
  path: Assets/Cursed Priest/Textures/Priest_Head_AlbedoTransparency.png
  artifactKey: Guid(5540177eb8aa27e41a87ea409aae9a0b) Importer(2089858483,0ecaa5967403d082aa24f35e1b516d23)
Start importing Assets/Cursed Priest/Textures/Priest_Head_AlbedoTransparency.png using Guid(5540177eb8aa27e41a87ea409aae9a0b) Importer(2089858483,0ecaa5967403d082aa24f35e1b516d23) [PhysX] Initialized MultithreadedTaskDispatcher with 20 workers.
 -> (artifact id: '52248779d7ffb57a2fb37b6d4348da47') in 0.011676 seconds
Number of updated asset objects reloaded before import = 0
Number of asset objects unloaded after import = 1
========================================================================
Received Import Request.
  Time since last request: 0.000033 seconds.
  path: Assets/Cursed Priest/Textures/Priest_Head_Normal.png
  artifactKey: Guid(6d23979ed63392349b310921babcf627) Importer(2089858483,0ecaa5967403d082aa24f35e1b516d23)
Start importing Assets/Cursed Priest/Textures/Priest_Head_Normal.png using Guid(6d23979ed63392349b310921babcf627) Importer(2089858483,0ecaa5967403d082aa24f35e1b516d23) [PhysX] Initialized MultithreadedTaskDispatcher with 20 workers.
 -> (artifact id: 'af6df34aaa3c4fb815913b6e9ff37775') in 0.012394 seconds
Number of updated asset objects reloaded before import = 0
Number of asset objects unloaded after import = 1
========================================================================
Received Import Request.
  Time since last request: 0.000040 seconds.
  path: Assets/Cursed Priest/Textures/Priest_Body_MetallicSmoothness.png
  artifactKey: Guid(d666251d342282c48988be858f907bc4) Importer(2089858483,0ecaa5967403d082aa24f35e1b516d23)
Start importing Assets/Cursed Priest/Textures/Priest_Body_MetallicSmoothness.png using Guid(d666251d342282c48988be858f907bc4) Importer(2089858483,0ecaa5967403d082aa24f35e1b516d23) [PhysX] Initialized MultithreadedTaskDispatcher with 20 workers.
 -> (artifact id: 'e854d4afab7d61273a0eb01f693fa95e') in 0.019110 seconds
Number of updated asset objects reloaded before import = 0
Number of asset objects unloaded after import = 1
========================================================================
Received Import Request.
  Time since last request: 0.000019 seconds.
  path: Assets/Cursed Priest/Materials/Body.mat
  artifactKey: Guid(62e7ee3a2d504864b82950b3d7536981) Importer(2089858483,0ecaa5967403d082aa24f35e1b516d23)
Start importing Assets/Cursed Priest/Materials/Body.mat using Guid(62e7ee3a2d504864b82950b3d7536981) Importer(2089858483,0ecaa5967403d082aa24f35e1b516d23) [PhysX] Initialized MultithreadedTaskDispatcher with 20 workers.
 -> (artifact id: 'f29f37c1b971d59d68c33a6d3075e61d') in 0.040378 seconds
Number of updated asset objects reloaded before import = 0
Number of asset objects unloaded after import = 5
========================================================================
Received Import Request.
  Time since last request: 0.000021 seconds.
  path: Assets/Cursed Priest/Materials
  artifactKey: Guid(e2d400778df2bf64fb12e01fa6a9b35b) Importer(2089858483,0ecaa5967403d082aa24f35e1b516d23)
Start importing Assets/Cursed Priest/Materials using Guid(e2d400778df2bf64fb12e01fa6a9b35b) Importer(2089858483,0ecaa5967403d082aa24f35e1b516d23) [PhysX] Initialized MultithreadedTaskDispatcher with 20 workers.
 -> (artifact id: 'a11eda829837aef6a05498d74c8d70db') in 0.003483 seconds
Number of updated asset objects reloaded before import = 0
Number of asset objects unloaded after import = 1
========================================================================
Received Import Request.
  Time since last request: 0.000057 seconds.
  path: Assets/Cursed Priest/Textures/Accesories_AO.png
  artifactKey: Guid(bfddaa09b42621748882845bae14a2e3) Importer(2089858483,0ecaa5967403d082aa24f35e1b516d23)
Start importing Assets/Cursed Priest/Textures/Accesories_AO.png using Guid(bfddaa09b42621748882845bae14a2e3) Importer(2089858483,0ecaa5967403d082aa24f35e1b516d23) [PhysX] Initialized MultithreadedTaskDispatcher with 20 workers.
 -> (artifact id: 'd560861171cb462835c9a270e49f880f') in 0.009498 seconds
Number of updated asset objects reloaded before import = 0
Number of asset objects unloaded after import = 1
========================================================================
Received Import Request.
  Time since last request: 26.422559 seconds.
  path: Assets/Cursed Priest/Materials/Body.mat
  artifactKey: Guid(62e7ee3a2d504864b82950b3d7536981) Importer(815301076,1909f56bfc062723c751e8b465ee728b)
Start importing Assets/Cursed Priest/Materials/Body.mat using Guid(62e7ee3a2d504864b82950b3d7536981) Importer(815301076,1909f56bfc062723c751e8b465ee728b) [PhysX] Initialized MultithreadedTaskDispatcher with 20 workers.
[PhysX] Initialized MultithreadedTaskDispatcher with 20 workers.
 -> (artifact id: '0872d93780f2fde15dad0529fad6147f') in 0.227025 seconds
Number of updated asset objects reloaded before import = 0
Number of asset objects unloaded after import = 25
========================================================================
Received Import Request.
  Time since last request: 47.815230 seconds.
  path: Assets/Cursed Priest/Prefab/Priest.prefab
  artifactKey: Guid(6924745a509f7b746bc74f3d4548b1aa) Importer(2089858483,3d70f49cd1c2eb9ae422958d1c652c6b)
Start importing Assets/Cursed Priest/Prefab/Priest.prefab using Guid(6924745a509f7b746bc74f3d4548b1aa) Importer(2089858483,3d70f49cd1c2eb9ae422958d1c652c6b) [PhysX] Initialized MultithreadedTaskDispatcher with 20 workers.
 -> (artifact id: '4f1e5c844412af183ce217f2fb0903b9') in 0.021613 seconds
Number of updated asset objects reloaded before import = 0
Number of asset objects unloaded after import = 155
========================================================================
Received Import Request.
  Time since last request: 0.817086 seconds.
  path: Assets/Cursed Priest/Materials/Body.mat
  artifactKey: Guid(62e7ee3a2d504864b82950b3d7536981) Importer(815301076,1909f56bfc062723c751e8b465ee728b)
Start importing Assets/Cursed Priest/Materials/Body.mat using Guid(62e7ee3a2d504864b82950b3d7536981) Importer(815301076,1909f56bfc062723c751e8b465ee728b) [PhysX] Initialized MultithreadedTaskDispatcher with 20 workers.
[PhysX] Initialized MultithreadedTaskDispatcher with 20 workers.
 -> (artifact id: 'b1add0f1320a8a61f2621b6a7a766bf3') in 0.650404 seconds
Number of updated asset objects reloaded before import = 0
Number of asset objects unloaded after import = 6
========================================================================
Received Import Request.
  Time since last request: 0.306990 seconds.
  path: Assets/Cursed Priest/Materials/Accesories.mat
  artifactKey: Guid(e0cc07d9f3f56ea42a03afaf75eb832d) Importer(2089858483,0ecaa5967403d082aa24f35e1b516d23)
Start importing Assets/Cursed Priest/Materials/Accesories.mat using Guid(e0cc07d9f3f56ea42a03afaf75eb832d) Importer(2089858483,0ecaa5967403d082aa24f35e1b516d23) [PhysX] Initialized MultithreadedTaskDispatcher with 20 workers.
 -> (artifact id: 'e8d96b914f555883149020a05e2f71a7') in 0.013950 seconds
Number of updated asset objects reloaded before import = 0
Number of asset objects unloaded after import = 5
========================================================================
Received Import Request.
  Time since last request: 16.328241 seconds.
  path: Assets/Cursed Priest/Textures/Head_AO.png
  artifactKey: Guid(7b01557ac5af90b4fb97e0890407014f) Importer(815301076,1909f56bfc062723c751e8b465ee728b)
Start importing Assets/Cursed Priest/Textures/Head_AO.png using Guid(7b01557ac5af90b4fb97e0890407014f) Importer(815301076,1909f56bfc062723c751e8b465ee728b) [PhysX] Initialized MultithreadedTaskDispatcher with 20 workers.
[PhysX] Initialized MultithreadedTaskDispatcher with 20 workers.
 -> (artifact id: '25c19582939a40a860f384d0caf07978') in 0.033220 seconds
Number of updated asset objects reloaded before import = 0
Number of asset objects unloaded after import = 2
========================================================================
Received Import Request.
  Time since last request: 0.000030 seconds.
  path: Assets/Cursed Priest/Textures/Priest_Upper_MetallicSmoothness.png
  artifactKey: Guid(11da79fa7698d6f46b2a64d682528539) Importer(815301076,1909f56bfc062723c751e8b465ee728b)
Start importing Assets/Cursed Priest/Textures/Priest_Upper_MetallicSmoothness.png using Guid(11da79fa7698d6f46b2a64d682528539) Importer(815301076,1909f56bfc062723c751e8b465ee728b) [PhysX] Initialized MultithreadedTaskDispatcher with 20 workers.
[PhysX] Initialized MultithreadedTaskDispatcher with 20 workers.
 -> (artifact id: 'fba7156b43a5d8a572aba15f2abefde3') in 0.018875 seconds
Number of updated asset objects reloaded before import = 0
Number of asset objects unloaded after import = 2
========================================================================
Received Import Request.
  Time since last request: 0.000037 seconds.
  path: Assets/Cursed Priest/Textures/Priest_Head_MetallicSmoothness.png
  artifactKey: Guid(ebeedced039fc674494fb7a8ec8afab3) Importer(815301076,1909f56bfc062723c751e8b465ee728b)
Start importing Assets/Cursed Priest/Textures/Priest_Head_MetallicSmoothness.png using Guid(ebeedced039fc674494fb7a8ec8afab3) Importer(815301076,1909f56bfc062723c751e8b465ee728b) [PhysX] Initialized MultithreadedTaskDispatcher with 20 workers.
[PhysX] Initialized MultithreadedTaskDispatcher with 20 workers.
 -> (artifact id: '2b53b29d304fa40ac53c686f5d2f2a29') in 0.007997 seconds
Number of updated asset objects reloaded before import = 0
Number of asset objects unloaded after import = 2
Editor requested this worker to shutdown with reason: Scaling down because of idle timeout
TcpMessagingSession - receive error: operation aborted. errorcode: 995, details: The I/O operation has been aborted because of either a thread exit or an application request.
AssetImportWorker is now disconnected from the server
Process exiting
Exiting without the bug reporter. Application will terminate with return code 0