Using pre-set license
Built from '2022.3/staging' branch; Version is '2022.3.59f1 (630718f645a5) revision 6489880'; Using compiler version '192829333'; Build Type 'Release'
OS: 'Windows 11  (10.0.26100) 64bit Professional' Language: 'en' Physical Memory: 32482 MB
BatchMode: 1, IsHumanControllingUs: 0, StartBugReporterOnCrash: 0, Is64bit: 1, IsPro: 1

COMMAND LINE ARGUMENTS:
C:\Program Files\Unity\Hub\Editor\2022.3.59f1\Editor\Unity.exe
-adb2
-batchMode
-noUpm
-name
AssetImportWorker22
-projectPath
C:/Users/Li014/finalprojectrepo/FinalProject_HL
-logFile
Logs/AssetImportWorker22.log
-srvPort
51871
Successfully changed project path to: C:/Users/Li014/finalprojectrepo/FinalProject_HL
C:/Users/Li014/finalprojectrepo/FinalProject_HL
[UnityMemory] Configuration Parameters - Can be set up in boot.config
    "memorysetup-bucket-allocator-granularity=16"
    "memorysetup-bucket-allocator-bucket-count=8"
    "memorysetup-bucket-allocator-block-size=33554432"
    "memorysetup-bucket-allocator-block-count=8"
    "memorysetup-main-allocator-block-size=16777216"
    "memorysetup-thread-allocator-block-size=16777216"
    "memorysetup-gfx-main-allocator-block-size=16777216"
    "memorysetup-gfx-thread-allocator-block-size=16777216"
    "memorysetup-cache-allocator-block-size=4194304"
    "memorysetup-typetree-allocator-block-size=2097152"
    "memorysetup-profiler-bucket-allocator-granularity=16"
    "memorysetup-profiler-bucket-allocator-bucket-count=8"
    "memorysetup-profiler-bucket-allocator-block-size=33554432"
    "memorysetup-profiler-bucket-allocator-block-count=8"
    "memorysetup-profiler-allocator-block-size=16777216"
    "memorysetup-profiler-editor-allocator-block-size=1048576"
    "memorysetup-temp-allocator-size-main=16777216"
    "memorysetup-job-temp-allocator-block-size=2097152"
    "memorysetup-job-temp-allocator-block-size-background=1048576"
    "memorysetup-job-temp-allocator-reduction-small-platforms=262144"
    "memorysetup-allocator-temp-initial-block-size-main=262144"
    "memorysetup-allocator-temp-initial-block-size-worker=262144"
    "memorysetup-temp-allocator-size-background-worker=32768"
    "memorysetup-temp-allocator-size-job-worker=262144"
    "memorysetup-temp-allocator-size-preload-manager=33554432"
    "memorysetup-temp-allocator-size-nav-mesh-worker=65536"
    "memorysetup-temp-allocator-size-audio-worker=65536"
    "memorysetup-temp-allocator-size-cloud-worker=32768"
    "memorysetup-temp-allocator-size-gi-baking-worker=262144"
    "memorysetup-temp-allocator-size-gfx=262144"
Player connection [21784]  Target information:

Player connection [21784]  * "[IP] 172.23.17.45 [Port] 0 [Flags] 2 [Guid] 2340522170 [EditorId] 2340522170 [Version] 1048832 [Id] WindowsEditor(7,916-dsg-147-18a) [Debug] 1 [PackageName] WindowsEditor [ProjectName] Editor" 

Player connection [21784] Host joined multi-casting on [225.0.0.222:54997]...
Player connection [21784] Host joined alternative multi-casting on [225.0.0.222:34997]...
Input System module state changed to: Initialized.
[PhysX] Initialized MultithreadedTaskDispatcher with 20 workers.
Refreshing native plugins compatible for Editor in 11.92 ms, found 3 plugins.
Preloading 0 native plugins for Editor in 0.00 ms.
Initialize engine version: 2022.3.59f1 (630718f645a5)
[Subsystems] Discovering subsystems at path C:/Program Files/Unity/Hub/Editor/2022.3.59f1/Editor/Data/Resources/UnitySubsystems
[Subsystems] Discovering subsystems at path C:/Users/Li014/finalprojectrepo/FinalProject_HL/Assets
GfxDevice: creating device client; threaded=0; jobified=0
Direct3D:
    Version:  Direct3D 11.0 [level 11.1]
    Renderer: NVIDIA GeForce RTX 3060 (ID=0x2504)
    Vendor:   NVIDIA
    VRAM:     12115 MB
    Driver:   32.0.15.5599
Initialize mono
Mono path[0] = 'C:/Program Files/Unity/Hub/Editor/2022.3.59f1/Editor/Data/Managed'
Mono path[1] = 'C:/Program Files/Unity/Hub/Editor/2022.3.59f1/Editor/Data/MonoBleedingEdge/lib/mono/unityjit-win32'
Mono config path = 'C:/Program Files/Unity/Hub/Editor/2022.3.59f1/Editor/Data/MonoBleedingEdge/etc'
Using monoOptions --debugger-agent=transport=dt_socket,embedding=1,server=y,suspend=n,address=127.0.0.1:56556
Begin MonoManager ReloadAssembly
Registering precompiled unity dll's ...
Register platform support module: C:/Program Files/Unity/Hub/Editor/2022.3.59f1/Editor/Data/PlaybackEngines/WindowsStandaloneSupport/UnityEditor.WindowsStandalone.Extensions.dll
Registered in 0.003838 seconds.
- Loaded All Assemblies, in  0.253 seconds
Native extension for WindowsStandalone target not found
Mono: successfully reloaded assembly
- Finished resetting the current domain, in  0.201 seconds
Domain Reload Profiling: 453ms
	BeginReloadAssembly (82ms)
		ExecutionOrderSort (0ms)
		DisableScriptedObjects (0ms)
		BackupInstance (0ms)
		ReleaseScriptingObjects (0ms)
		CreateAndSetChildDomain (1ms)
	RebuildCommonClasses (23ms)
	RebuildNativeTypeToScriptingClass (7ms)
	initialDomainReloadingComplete (41ms)
	LoadAllAssembliesAndSetupDomain (98ms)
		LoadAssemblies (81ms)
		RebuildTransferFunctionScriptingTraits (0ms)
		AnalyzeDomain (97ms)
			TypeCache.Refresh (96ms)
				TypeCache.ScanAssembly (85ms)
			ScanForSourceGeneratedMonoScriptInfo (0ms)
			ResolveRequiredComponents (0ms)
	FinalizeReload (201ms)
		ReleaseScriptCaches (0ms)
		RebuildScriptCaches (0ms)
		SetupLoadedEditorAssemblies (168ms)
			LogAssemblyErrors (0ms)
			InitializePlatformSupportModulesInManaged (7ms)
			SetLoadedEditorAssemblies (6ms)
			RefreshPlugins (0ms)
			BeforeProcessingInitializeOnLoad (1ms)
			ProcessInitializeOnLoadAttributes (118ms)
			ProcessInitializeOnLoadMethodAttributes (36ms)
			AfterProcessingInitializeOnLoad (0ms)
			EditorAssembliesLoaded (0ms)
		ExecutionOrderSort2 (0ms)
		AwakeInstancesAfterBackupRestoration (0ms)
========================================================================
Worker process is ready to serve import requests
Caller must complete domain reload
Begin MonoManager ReloadAssembly
- Loaded All Assemblies, in  0.481 seconds
Native extension for WindowsStandalone target not found
Mono: successfully reloaded assembly
- Finished resetting the current domain, in  0.442 seconds
Domain Reload Profiling: 922ms
	BeginReloadAssembly (113ms)
		ExecutionOrderSort (0ms)
		DisableScriptedObjects (4ms)
		BackupInstance (0ms)
		ReleaseScriptingObjects (0ms)
		CreateAndSetChildDomain (15ms)
	RebuildCommonClasses (26ms)
	RebuildNativeTypeToScriptingClass (6ms)
	initialDomainReloadingComplete (31ms)
	LoadAllAssembliesAndSetupDomain (303ms)
		LoadAssemblies (242ms)
		RebuildTransferFunctionScriptingTraits (0ms)
		AnalyzeDomain (131ms)
			TypeCache.Refresh (108ms)
				TypeCache.ScanAssembly (98ms)
			ScanForSourceGeneratedMonoScriptInfo (14ms)
			ResolveRequiredComponents (6ms)
	FinalizeReload (442ms)
		ReleaseScriptCaches (0ms)
		RebuildScriptCaches (0ms)
		SetupLoadedEditorAssemblies (345ms)
			LogAssemblyErrors (0ms)
			InitializePlatformSupportModulesInManaged (5ms)
			SetLoadedEditorAssemblies (2ms)
			RefreshPlugins (0ms)
			BeforeProcessingInitializeOnLoad (47ms)
			ProcessInitializeOnLoadAttributes (232ms)
			ProcessInitializeOnLoadMethodAttributes (55ms)
			AfterProcessingInitializeOnLoad (3ms)
			EditorAssembliesLoaded (0ms)
		ExecutionOrderSort2 (0ms)
		AwakeInstancesAfterBackupRestoration (6ms)
Launched and connected shader compiler UnityShaderCompiler.exe after 0.05 seconds
Refreshing native plugins compatible for Editor in 3.43 ms, found 3 plugins.
Preloading 0 native plugins for Editor in 0.00 ms.
Unloading 4885 Unused Serialized files (Serialized files now loaded: 0)
Unloading 24 unused Assets / (347.6 KB). Loaded Objects now: 5351.
Memory consumption went from 197.3 MB to 197.0 MB.
Total: 2.648600 ms (FindLiveObjects: 0.222300 ms CreateObjectMapping: 0.122700 ms MarkObjects: 2.185200 ms  DeleteObjects: 0.117700 ms)

AssetImportParameters requested are different than current active one (requested -> active):
  custom:container-demuxer-ogg: 62fdf1f143b41e24485cea50d1cbac27 -> 
  custom:video-codec-MediaFoundation-h265: 746d11721c4dcdbdad8f713fa42b33f4 -> 
  custom:video-decoder-ogg-theora: a1e56fd34408186e4bbccfd4996cb3dc -> 
  custom:framework-win-MediaFoundation: 216162199b28c13a410421893ffa2e32 -> 
  custom:CustomObjectIndexerAttribute: 72b91833f83ae208fae7752999fa3104 -> 
  custom:container-demuxer-webm: 4f35f7cbe854078d1ac9338744f61a02 -> 
  custom:container-muxer-webm: aa71ff27fc2769a1b78a27578f13a17b -> 
  custom:video-decoder-webm-vp8: 9c59270c3fd7afecdb556c50c9e8de78 -> 
  custom:SearchIndexIgnoredProperties: e643bd26f0fe6173181afceb89e7c659 -> 
  custom:AudioImporter_EditorPlatform: d09bf68614088b80899f8185d706f6e7 -> 
  custom:video-encoder-webm-vp8: eb34c28f22e8b96e1ab97ce403110664 -> 
  custom:audio-decoder-ogg-vorbis: bf7c407c2cedff20999df2af8eb42d56 -> 
  custom:audio-encoder-webm-vorbis: bf7c407c2cedff20999df2af8eb42d56 -> 
========================================================================
Received Import Request.
  Time since last request: 8542.469727 seconds.
  path: Assets/Holy Assets Games/3D The Blacksmith's House/Scenes/Scene_3D The Blacksmith's House.unity
  artifactKey: Guid(3a3a9d862a4f4f3449d1617c18987420) Importer(2089858483,3d70f49cd1c2eb9ae422958d1c652c6b)
Start importing Assets/Holy Assets Games/3D The Blacksmith's House/Scenes/Scene_3D The Blacksmith's House.unity using Guid(3a3a9d862a4f4f3449d1617c18987420) Importer(2089858483,3d70f49cd1c2eb9ae422958d1c652c6b) [PhysX] Initialized MultithreadedTaskDispatcher with 20 workers.
Opening scene 'Assets/Holy Assets Games/3D The Blacksmith's House/Scenes/Scene_3D The Blacksmith's House.unity additively'
Loaded scene 'Assets/Holy Assets Games/3D The Blacksmith's House/Scenes/Scene_3D The Blacksmith's House.unity'
	Deserialize:            0.692 ms
	Integration:            2.398 ms
	Integration of assets:  0.002 ms
	Thread Wait Time:       0.012 ms
	Total Operation Time:   3.104 ms
 -> (artifact id: 'e11847e809849cc2815451ccc8c5e29d') in 0.120179 seconds
Number of updated asset objects reloaded before import = 0
Number of asset objects unloaded after import = 24
========================================================================
Received Import Request.
  Time since last request: 56.777321 seconds.
  path: Assets/Holy Assets Games/3D The Blacksmith's House/Textures/Smithy_Base_color_2K.tif
  artifactKey: Guid(b647b1f8c4658be4daee6063f95939bf) Importer(815301076,1909f56bfc062723c751e8b465ee728b)
Start importing Assets/Holy Assets Games/3D The Blacksmith's House/Textures/Smithy_Base_color_2K.tif using Guid(b647b1f8c4658be4daee6063f95939bf) Importer(815301076,1909f56bfc062723c751e8b465ee728b) [PhysX] Initialized MultithreadedTaskDispatcher with 20 workers.
[PhysX] Initialized MultithreadedTaskDispatcher with 20 workers.
 -> (artifact id: '9d0e918d2555a75e62d85d914f87d78d') in 0.044162 seconds
Number of updated asset objects reloaded before import = 0
Number of asset objects unloaded after import = 2
========================================================================
Received Import Request.
  Time since last request: 9.748658 seconds.
  path: Assets/Holy Assets Games/3D The Blacksmith's House/Materials/Smithy_Base_color_2K.mat
  artifactKey: Guid(b1a5ddd609ae45548b6b6ec27ab5378e) Importer(2089858483,0ecaa5967403d082aa24f35e1b516d23)
Start importing Assets/Holy Assets Games/3D The Blacksmith's House/Materials/Smithy_Base_color_2K.mat using Guid(b1a5ddd609ae45548b6b6ec27ab5378e) Importer(2089858483,0ecaa5967403d082aa24f35e1b516d23) [PhysX] Initialized MultithreadedTaskDispatcher with 20 workers.
 -> (artifact id: 'cfeb1121b098a375f7fc50ccfb6c2452') in 0.031913 seconds
Number of updated asset objects reloaded before import = 0
Number of asset objects unloaded after import = 2
========================================================================
Received Import Request.
  Time since last request: 311.696003 seconds.
  path: Assets/Cursed Priest/Textures/Priest_Accesories_Normal.png
  artifactKey: Guid(5019ec0e626343b469d487629c36e74e) Importer(2089858483,0ecaa5967403d082aa24f35e1b516d23)
Start importing Assets/Cursed Priest/Textures/Priest_Accesories_Normal.png using Guid(5019ec0e626343b469d487629c36e74e) Importer(2089858483,0ecaa5967403d082aa24f35e1b516d23) [PhysX] Initialized MultithreadedTaskDispatcher with 20 workers.
 -> (artifact id: '7467cae77553969ec7644b185d91b2df') in 0.051685 seconds
Number of updated asset objects reloaded before import = 0
Number of asset objects unloaded after import = 1
========================================================================
Received Import Request.
  Time since last request: 0.000026 seconds.
  path: Assets/Cursed Priest/Textures/Priest_Body_AlbedoTransparency.png
  artifactKey: Guid(d2da765f1b80e0f40aca0ca4f142719e) Importer(2089858483,0ecaa5967403d082aa24f35e1b516d23)
Start importing Assets/Cursed Priest/Textures/Priest_Body_AlbedoTransparency.png using Guid(d2da765f1b80e0f40aca0ca4f142719e) Importer(2089858483,0ecaa5967403d082aa24f35e1b516d23) [PhysX] Initialized MultithreadedTaskDispatcher with 20 workers.
 -> (artifact id: '7620095950215281b6c65086a6105676') in 0.022993 seconds
Number of updated asset objects reloaded before import = 0
Number of asset objects unloaded after import = 1
========================================================================
Received Import Request.
  Time since last request: 0.000044 seconds.
  path: Assets/Cursed Priest/Prefab/Priest.prefab
  artifactKey: Guid(6924745a509f7b746bc74f3d4548b1aa) Importer(2089858483,0ecaa5967403d082aa24f35e1b516d23)
Start importing Assets/Cursed Priest/Prefab/Priest.prefab using Guid(6924745a509f7b746bc74f3d4548b1aa) Importer(2089858483,0ecaa5967403d082aa24f35e1b516d23) [PhysX] Initialized MultithreadedTaskDispatcher with 20 workers.
 -> (artifact id: 'c1cd95f1223de251a239030fae8855be') in 0.019770 seconds
Number of updated asset objects reloaded before import = 0
Number of asset objects unloaded after import = 152
========================================================================
Received Import Request.
  Time since last request: 0.000018 seconds.
  path: Assets/Cursed Priest/Textures/Priest_Upper_AlbedoTransparency.png
  artifactKey: Guid(965322866f513f543ad490fbf4265a00) Importer(2089858483,0ecaa5967403d082aa24f35e1b516d23)
Start importing Assets/Cursed Priest/Textures/Priest_Upper_AlbedoTransparency.png using Guid(965322866f513f543ad490fbf4265a00) Importer(2089858483,0ecaa5967403d082aa24f35e1b516d23) [PhysX] Initialized MultithreadedTaskDispatcher with 20 workers.
 -> (artifact id: 'b17c7c50e57c4a2ad32d769704fa8b17') in 0.013517 seconds
Number of updated asset objects reloaded before import = 0
Number of asset objects unloaded after import = 1
========================================================================
Received Import Request.
  Time since last request: 0.000023 seconds.
  path: Assets/Cursed Priest/Textures/Priest_Upper_MetallicSmoothness.png
  artifactKey: Guid(11da79fa7698d6f46b2a64d682528539) Importer(2089858483,0ecaa5967403d082aa24f35e1b516d23)
Start importing Assets/Cursed Priest/Textures/Priest_Upper_MetallicSmoothness.png using Guid(11da79fa7698d6f46b2a64d682528539) Importer(2089858483,0ecaa5967403d082aa24f35e1b516d23) [PhysX] Initialized MultithreadedTaskDispatcher with 20 workers.
 -> (artifact id: '05de9c4622739a79f70d9560856b2996') in 0.022641 seconds
Number of updated asset objects reloaded before import = 0
Number of asset objects unloaded after import = 1
========================================================================
Received Import Request.
  Time since last request: 0.000027 seconds.
  path: Assets/Cursed Priest/Textures
  artifactKey: Guid(528703f5c9487fb4aa8b8c02b5c6d58f) Importer(2089858483,0ecaa5967403d082aa24f35e1b516d23)
Start importing Assets/Cursed Priest/Textures using Guid(528703f5c9487fb4aa8b8c02b5c6d58f) Importer(2089858483,0ecaa5967403d082aa24f35e1b516d23) [PhysX] Initialized MultithreadedTaskDispatcher with 20 workers.
 -> (artifact id: 'e5090c9227723918b032c2372865d73b') in 0.003844 seconds
Number of updated asset objects reloaded before import = 0
Number of asset objects unloaded after import = 1
========================================================================
Received Import Request.
  Time since last request: 0.000020 seconds.
  path: Assets/Cursed Priest/Textures/Priest_Upper_Normal.png
  artifactKey: Guid(6f4f1f8bbef591941982d8e843472a91) Importer(2089858483,0ecaa5967403d082aa24f35e1b516d23)
Start importing Assets/Cursed Priest/Textures/Priest_Upper_Normal.png using Guid(6f4f1f8bbef591941982d8e843472a91) Importer(2089858483,0ecaa5967403d082aa24f35e1b516d23) [PhysX] Initialized MultithreadedTaskDispatcher with 20 workers.
 -> (artifact id: '48e197e9de31ba2571d793cbda4fd74c') in 0.021346 seconds
Number of updated asset objects reloaded before import = 0
Number of asset objects unloaded after import = 1
========================================================================
Received Import Request.
  Time since last request: 0.000019 seconds.
  path: Assets/Cursed Priest/Prefab
  artifactKey: Guid(c13a166d26551ca4084ac49374b138b3) Importer(2089858483,0ecaa5967403d082aa24f35e1b516d23)
Start importing Assets/Cursed Priest/Prefab using Guid(c13a166d26551ca4084ac49374b138b3) Importer(2089858483,0ecaa5967403d082aa24f35e1b516d23) [PhysX] Initialized MultithreadedTaskDispatcher with 20 workers.
 -> (artifact id: 'a3321990ac9f098b44c9ca2b4ac61710') in 0.004654 seconds
Number of updated asset objects reloaded before import = 0
Number of asset objects unloaded after import = 1
========================================================================
Received Import Request.
  Time since last request: 0.000027 seconds.
  path: Assets/Cursed Priest/Textures/Head_AO.png
  artifactKey: Guid(7b01557ac5af90b4fb97e0890407014f) Importer(2089858483,0ecaa5967403d082aa24f35e1b516d23)
Start importing Assets/Cursed Priest/Textures/Head_AO.png using Guid(7b01557ac5af90b4fb97e0890407014f) Importer(2089858483,0ecaa5967403d082aa24f35e1b516d23) [PhysX] Initialized MultithreadedTaskDispatcher with 20 workers.
 -> (artifact id: 'be8106217d3486929c12ca54bce7e8e1') in 0.011495 seconds
Number of updated asset objects reloaded before import = 0
Number of asset objects unloaded after import = 1
========================================================================
Received Import Request.
  Time since last request: 0.000038 seconds.
  path: Assets/Cursed Priest/Demo
  artifactKey: Guid(ff3bda5dcd67a13478641ef5dce69310) Importer(2089858483,0ecaa5967403d082aa24f35e1b516d23)
Start importing Assets/Cursed Priest/Demo using Guid(ff3bda5dcd67a13478641ef5dce69310) Importer(2089858483,0ecaa5967403d082aa24f35e1b516d23) [PhysX] Initialized MultithreadedTaskDispatcher with 20 workers.
 -> (artifact id: '26a5fa671fc9679e0070d6758300245c') in 0.003283 seconds
Number of updated asset objects reloaded before import = 0
Number of asset objects unloaded after import = 1
========================================================================
Received Import Request.
  Time since last request: 0.000017 seconds.
  path: Assets/Cursed Priest/Mesh
  artifactKey: Guid(3b87371485a975540a136722c7b59ca3) Importer(2089858483,0ecaa5967403d082aa24f35e1b516d23)
Start importing Assets/Cursed Priest/Mesh using Guid(3b87371485a975540a136722c7b59ca3) Importer(2089858483,0ecaa5967403d082aa24f35e1b516d23) [PhysX] Initialized MultithreadedTaskDispatcher with 20 workers.
 -> (artifact id: '3aec6f9d108c1a5a4eaf88f44849be3d') in 0.003343 seconds
Number of updated asset objects reloaded before import = 0
Number of asset objects unloaded after import = 1
========================================================================
Received Import Request.
  Time since last request: 0.000046 seconds.
  path: Assets/Cursed Priest
  artifactKey: Guid(d4a4ab0da347c9a4bafb4c09f5f77b31) Importer(2089858483,0ecaa5967403d082aa24f35e1b516d23)
Start importing Assets/Cursed Priest using Guid(d4a4ab0da347c9a4bafb4c09f5f77b31) Importer(2089858483,0ecaa5967403d082aa24f35e1b516d23) [PhysX] Initialized MultithreadedTaskDispatcher with 20 workers.
 -> (artifact id: '60f839f5d2566b8ca9bb99f2d33096f1') in 0.003667 seconds
Number of updated asset objects reloaded before import = 0
Number of asset objects unloaded after import = 1
========================================================================
Received Import Request.
  Time since last request: 0.000017 seconds.
  path: Assets/Cursed Priest/Textures/Body_AO.png
  artifactKey: Guid(5f49caf09ffbb3246a7e1b122fe2acdc) Importer(2089858483,0ecaa5967403d082aa24f35e1b516d23)
Start importing Assets/Cursed Priest/Textures/Body_AO.png using Guid(5f49caf09ffbb3246a7e1b122fe2acdc) Importer(2089858483,0ecaa5967403d082aa24f35e1b516d23) [PhysX] Initialized MultithreadedTaskDispatcher with 20 workers.
 -> (artifact id: '3967ab26988ffcbad2e7d0d7197a8144') in 0.012343 seconds
Number of updated asset objects reloaded before import = 0
Number of asset objects unloaded after import = 1
========================================================================
Received Import Request.
  Time since last request: 0.000041 seconds.
  path: Assets/Cursed Priest/Materials/Upper.mat
  artifactKey: Guid(9f05c2586f2a9284abb0c52fc3e11302) Importer(2089858483,0ecaa5967403d082aa24f35e1b516d23)
Start importing Assets/Cursed Priest/Materials/Upper.mat using Guid(9f05c2586f2a9284abb0c52fc3e11302) Importer(2089858483,0ecaa5967403d082aa24f35e1b516d23) [PhysX] Initialized MultithreadedTaskDispatcher with 20 workers.
 -> (artifact id: '6894e30834804910d1de299c178e45a9') in 0.040040 seconds
Number of updated asset objects reloaded before import = 0
Number of asset objects unloaded after import = 5
========================================================================
Received Import Request.
  Time since last request: 0.000052 seconds.
  path: Assets/Cursed Priest/Textures/Priest_Head_MetallicSmoothness.png
  artifactKey: Guid(ebeedced039fc674494fb7a8ec8afab3) Importer(2089858483,0ecaa5967403d082aa24f35e1b516d23)
Start importing Assets/Cursed Priest/Textures/Priest_Head_MetallicSmoothness.png using Guid(ebeedced039fc674494fb7a8ec8afab3) Importer(2089858483,0ecaa5967403d082aa24f35e1b516d23) [PhysX] Initialized MultithreadedTaskDispatcher with 20 workers.
 -> (artifact id: 'b855955bc755b36b9c41682efa7bfc70') in 0.012313 seconds
Number of updated asset objects reloaded before import = 0
Number of asset objects unloaded after import = 1
========================================================================
Received Import Request.
  Time since last request: 0.000020 seconds.
  path: Assets/Cursed Priest/Textures/Priest_Accesories_MetallicSmoothness.png
  artifactKey: Guid(d1fb8e59f1e8e864dbfa1997e8170264) Importer(2089858483,0ecaa5967403d082aa24f35e1b516d23)
Start importing Assets/Cursed Priest/Textures/Priest_Accesories_MetallicSmoothness.png using Guid(d1fb8e59f1e8e864dbfa1997e8170264) Importer(2089858483,0ecaa5967403d082aa24f35e1b516d23) [PhysX] Initialized MultithreadedTaskDispatcher with 20 workers.
 -> (artifact id: '6610e77acc72bd2522ee25061d01f723') in 0.014225 seconds
Number of updated asset objects reloaded before import = 0
Number of asset objects unloaded after import = 1
========================================================================
Received Import Request.
  Time since last request: 9.944685 seconds.
  path: Assets/Holy Assets Games/3D The Blacksmith's House/Material/Smithy_Material_2K.mat
  artifactKey: Guid(393172b9ecb4f644296ad3e28a60112b) Importer(815301076,1909f56bfc062723c751e8b465ee728b)
Start importing Assets/Holy Assets Games/3D The Blacksmith's House/Material/Smithy_Material_2K.mat using Guid(393172b9ecb4f644296ad3e28a60112b) Importer(815301076,1909f56bfc062723c751e8b465ee728b) [PhysX] Initialized MultithreadedTaskDispatcher with 20 workers.
[PhysX] Initialized MultithreadedTaskDispatcher with 20 workers.
 -> (artifact id: '0fae0b7af5bc3472ccd9d5cf6dc5c3e6') in 0.656855 seconds
Number of updated asset objects reloaded before import = 0
Number of asset objects unloaded after import = 26
========================================================================
Received Import Request.
  Time since last request: 15.751288 seconds.
  path: Assets/Cursed Priest/Materials
  artifactKey: Guid(e2d400778df2bf64fb12e01fa6a9b35b) Importer(815301076,1909f56bfc062723c751e8b465ee728b)
Start importing Assets/Cursed Priest/Materials using Guid(e2d400778df2bf64fb12e01fa6a9b35b) Importer(815301076,1909f56bfc062723c751e8b465ee728b) [PhysX] Initialized MultithreadedTaskDispatcher with 20 workers.
 -> (artifact id: 'f7e0b4ef17c671ae3ce150305784d1a6') in 0.000573 seconds
Number of updated asset objects reloaded before import = 0
Number of asset objects unloaded after import = 0
========================================================================
Received Import Request.
  Time since last request: 0.041223 seconds.
  path: Assets/Cursed Priest/Materials/Accesories.mat
  artifactKey: Guid(e0cc07d9f3f56ea42a03afaf75eb832d) Importer(815301076,1909f56bfc062723c751e8b465ee728b)
Start importing Assets/Cursed Priest/Materials/Accesories.mat using Guid(e0cc07d9f3f56ea42a03afaf75eb832d) Importer(815301076,1909f56bfc062723c751e8b465ee728b) [PhysX] Initialized MultithreadedTaskDispatcher with 20 workers.
[PhysX] Initialized MultithreadedTaskDispatcher with 20 workers.
 -> (artifact id: '4aa59da67506ca50231610083393b78b') in 0.014519 seconds
Number of updated asset objects reloaded before import = 0
Number of asset objects unloaded after import = 6
========================================================================
Received Import Request.
  Time since last request: 48.032592 seconds.
  path: Assets/Cursed Priest/Demo/Scene.unity
  artifactKey: Guid(9fc0d4010bbf28b4594072e72b8655ab) Importer(2089858483,3d70f49cd1c2eb9ae422958d1c652c6b)
Start importing Assets/Cursed Priest/Demo/Scene.unity using Guid(9fc0d4010bbf28b4594072e72b8655ab) Importer(2089858483,3d70f49cd1c2eb9ae422958d1c652c6b) [PhysX] Initialized MultithreadedTaskDispatcher with 20 workers.
Opening scene 'Assets/Cursed Priest/Demo/Scene.unity additively'
Loaded scene 'Assets/Cursed Priest/Demo/Scene.unity'
	Deserialize:            0.660 ms
	Integration:            3.436 ms
	Integration of assets:  0.001 ms
	Thread Wait Time:       0.011 ms
	Total Operation Time:   4.108 ms
 -> (artifact id: '821f8e6f190c3242adc6c4799f4a5317') in 0.024694 seconds
Number of updated asset objects reloaded before import = 0
Number of asset objects unloaded after import = 156
========================================================================
Received Import Request.
  Time since last request: 0.422702 seconds.
  path: Assets/SimpleNaturePack/Scenes/SimpleNaturePack_Demo.unity
  artifactKey: Guid(5e7af4bd95ac53a4cb784a9eedf8f6f9) Importer(2089858483,0ecaa5967403d082aa24f35e1b516d23)
Start importing Assets/SimpleNaturePack/Scenes/SimpleNaturePack_Demo.unity using Guid(5e7af4bd95ac53a4cb784a9eedf8f6f9) Importer(2089858483,0ecaa5967403d082aa24f35e1b516d23) [PhysX] Initialized MultithreadedTaskDispatcher with 20 workers.
 -> (artifact id: 'd17a9763ed30777930a47136d9c9ec2e') in 0.004162 seconds
Number of updated asset objects reloaded before import = 0
Number of asset objects unloaded after import = 1
========================================================================
Received Import Request.
  Time since last request: 0.380922 seconds.
  path: Assets/Cursed Priest/Materials/Accesories.mat
  artifactKey: Guid(e0cc07d9f3f56ea42a03afaf75eb832d) Importer(815301076,1909f56bfc062723c751e8b465ee728b)
Start importing Assets/Cursed Priest/Materials/Accesories.mat using Guid(e0cc07d9f3f56ea42a03afaf75eb832d) Importer(815301076,1909f56bfc062723c751e8b465ee728b) [PhysX] Initialized MultithreadedTaskDispatcher with 20 workers.
[PhysX] Initialized MultithreadedTaskDispatcher with 20 workers.
 -> (artifact id: 'b55e911f85216bf771d3a11fb1026e8c') in 0.598792 seconds
Number of updated asset objects reloaded before import = 0
Number of asset objects unloaded after import = 6
========================================================================
Received Import Request.
  Time since last request: 0.363045 seconds.
  path: Assets/Cursed Priest/Materials/Upper.mat
  artifactKey: Guid(9f05c2586f2a9284abb0c52fc3e11302) Importer(2089858483,0ecaa5967403d082aa24f35e1b516d23)
Start importing Assets/Cursed Priest/Materials/Upper.mat using Guid(9f05c2586f2a9284abb0c52fc3e11302) Importer(2089858483,0ecaa5967403d082aa24f35e1b516d23) [PhysX] Initialized MultithreadedTaskDispatcher with 20 workers.
 -> (artifact id: '518daa6d8bd52e57ce631d1d909dde6c') in 0.034490 seconds
Number of updated asset objects reloaded before import = 0
Number of asset objects unloaded after import = 5
========================================================================
Received Import Request.
  Time since last request: 16.303459 seconds.
  path: Assets/Cursed Priest/Textures/Body_AO.png
  artifactKey: Guid(5f49caf09ffbb3246a7e1b122fe2acdc) Importer(815301076,1909f56bfc062723c751e8b465ee728b)
Start importing Assets/Cursed Priest/Textures/Body_AO.png using Guid(5f49caf09ffbb3246a7e1b122fe2acdc) Importer(815301076,1909f56bfc062723c751e8b465ee728b) [PhysX] Initialized MultithreadedTaskDispatcher with 20 workers.
[PhysX] Initialized MultithreadedTaskDispatcher with 20 workers.
 -> (artifact id: '99b548923f527ab8b5205f21ca8a6203') in 0.034433 seconds
Number of updated asset objects reloaded before import = 0
Number of asset objects unloaded after import = 2
========================================================================
Received Import Request.
  Time since last request: 0.000020 seconds.
  path: Assets/Cursed Priest/Textures/Priest_Upper_AlbedoTransparency.png
  artifactKey: Guid(965322866f513f543ad490fbf4265a00) Importer(815301076,1909f56bfc062723c751e8b465ee728b)
Start importing Assets/Cursed Priest/Textures/Priest_Upper_AlbedoTransparency.png using Guid(965322866f513f543ad490fbf4265a00) Importer(815301076,1909f56bfc062723c751e8b465ee728b) [PhysX] Initialized MultithreadedTaskDispatcher with 20 workers.
[PhysX] Initialized MultithreadedTaskDispatcher with 20 workers.
 -> (artifact id: '3d3c3f67b0cf62f06937db2e1d442dc3') in 0.010770 seconds
Number of updated asset objects reloaded before import = 0
Number of asset objects unloaded after import = 2
========================================================================
Received Import Request.
  Time since last request: 0.000027 seconds.
  path: Assets/Cursed Priest/Textures/Priest_Upper_Normal.png
  artifactKey: Guid(6f4f1f8bbef591941982d8e843472a91) Importer(815301076,1909f56bfc062723c751e8b465ee728b)
Start importing Assets/Cursed Priest/Textures/Priest_Upper_Normal.png using Guid(6f4f1f8bbef591941982d8e843472a91) Importer(815301076,1909f56bfc062723c751e8b465ee728b) [PhysX] Initialized MultithreadedTaskDispatcher with 20 workers.
[PhysX] Initialized MultithreadedTaskDispatcher with 20 workers.
 -> (artifact id: 'a6e2971e7aade93b04f74b2f3feeb51f') in 0.021360 seconds
Number of updated asset objects reloaded before import = 0
Number of asset objects unloaded after import = 2
========================================================================
Received Prepare
Caller must complete domain reload
Begin MonoManager ReloadAssembly
- Loaded All Assemblies, in  0.388 seconds
Native extension for WindowsStandalone target not found
Mono: successfully reloaded assembly
- Finished resetting the current domain, in  1.086 seconds
Domain Reload Profiling: 1473ms
	BeginReloadAssembly (144ms)
		ExecutionOrderSort (0ms)
		DisableScriptedObjects (7ms)
		BackupInstance (0ms)
		ReleaseScriptingObjects (0ms)
		CreateAndSetChildDomain (45ms)
	RebuildCommonClasses (26ms)
	RebuildNativeTypeToScriptingClass (10ms)
	initialDomainReloadingComplete (25ms)
	LoadAllAssembliesAndSetupDomain (183ms)
		LoadAssemblies (234ms)
		RebuildTransferFunctionScriptingTraits (0ms)
		AnalyzeDomain (14ms)
			TypeCache.Refresh (4ms)
				TypeCache.ScanAssembly (0ms)
			ScanForSourceGeneratedMonoScriptInfo (0ms)
			ResolveRequiredComponents (8ms)
	FinalizeReload (1087ms)
		ReleaseScriptCaches (0ms)
		RebuildScriptCaches (0ms)
		SetupLoadedEditorAssemblies (392ms)
			LogAssemblyErrors (0ms)
			InitializePlatformSupportModulesInManaged (6ms)
			SetLoadedEditorAssemblies (3ms)
			RefreshPlugins (0ms)
			BeforeProcessingInitializeOnLoad (57ms)
			ProcessInitializeOnLoadAttributes (258ms)
			ProcessInitializeOnLoadMethodAttributes (62ms)
			AfterProcessingInitializeOnLoad (4ms)
			EditorAssembliesLoaded (0ms)
		ExecutionOrderSort2 (0ms)
		AwakeInstancesAfterBackupRestoration (19ms)
Refreshing native plugins compatible for Editor in 5.78 ms, found 3 plugins.
Preloading 0 native plugins for Editor in 0.00 ms.
Unloading 4733 Unused Serialized files (Serialized files now loaded: 0)
Unloading 19 unused Assets / (315.9 KB). Loaded Objects now: 5439.
Memory consumption went from 176.4 MB to 176.1 MB.
Total: 2.518900 ms (FindLiveObjects: 0.269400 ms CreateObjectMapping: 0.151800 ms MarkObjects: 2.035100 ms  DeleteObjects: 0.061900 ms)

Prepare: number of updated asset objects reloaded= 0
AssetImportParameters requested are different than current active one (requested -> active):
  custom:container-demuxer-ogg: 62fdf1f143b41e24485cea50d1cbac27 -> 
  custom:video-codec-MediaFoundation-h265: 746d11721c4dcdbdad8f713fa42b33f4 -> 
  custom:video-decoder-ogg-theora: a1e56fd34408186e4bbccfd4996cb3dc -> 
  custom:framework-win-MediaFoundation: 216162199b28c13a410421893ffa2e32 -> 
  custom:CustomObjectIndexerAttribute: 72b91833f83ae208fae7752999fa3104 -> 
  custom:container-demuxer-webm: 4f35f7cbe854078d1ac9338744f61a02 -> 
  custom:container-muxer-webm: aa71ff27fc2769a1b78a27578f13a17b -> 
  custom:video-decoder-webm-vp8: 9c59270c3fd7afecdb556c50c9e8de78 -> 
  custom:SearchIndexIgnoredProperties: e643bd26f0fe6173181afceb89e7c659 -> 
  custom:AudioImporter_EditorPlatform: d09bf68614088b80899f8185d706f6e7 -> 
  custom:video-encoder-webm-vp8: eb34c28f22e8b96e1ab97ce403110664 -> 
  custom:audio-decoder-ogg-vorbis: bf7c407c2cedff20999df2af8eb42d56 -> 
  custom:audio-encoder-webm-vorbis: bf7c407c2cedff20999df2af8eb42d56 -> 
Editor requested this worker to shutdown with reason: Scaling down because of idle timeout
TcpMessagingSession - receive error: operation aborted. errorcode: 995, details: The I/O operation has been aborted because of either a thread exit or an application request.
AssetImportWorker is now disconnected from the server
Process exiting
Exiting without the bug reporter. Application will terminate with return code 0